<?xml version="1.0" encoding="UTF-8"?>
<testng-results ignored="0" total="5" passed="4" failed="1" skipped="0">
  <reporter-output>
  </reporter-output>
  <suite started-at="2024-11-21T23:49:50 IST" name="Suite" finished-at="2024-11-21T23:50:44 IST" duration-ms="54761">
    <groups>
      <group name="Purchase">
        <method signature="SubmitOrderTest.submitOrder(java.util.HashMap)[pri:0, instance:automationproject.Tests.SubmitOrderTest@1750fbeb]" name="submitOrder" class="automationproject.Tests.SubmitOrderTest"/>
      </group> <!-- Purchase -->
    </groups>
    <test started-at="2024-11-21T23:49:50 IST" name="Error Validations Test" finished-at="2024-11-21T23:50:11 IST" duration-ms="21750">
      <class name="automationproject.Tests.ErrorValidationsTest">
        <test-method is-config="true" signature="launchApp()[pri:0, instance:automationproject.Tests.ErrorValidationsTest@5884a914]" started-at="2024-11-21T23:49:50 IST" name="launchApp" finished-at="2024-11-21T23:49:56 IST" duration-ms="6229" status="PASS">
          <reporter-output>
          </reporter-output>
        </test-method> <!-- launchApp -->
        <test-method signature="LoginErrorValidation()[pri:0, instance:automationproject.Tests.ErrorValidationsTest@5884a914]" started-at="2024-11-21T23:49:56 IST" name="LoginErrorValidation" finished-at="2024-11-21T23:49:59 IST" duration-ms="2948" status="FAIL">
          <exception class="java.lang.AssertionError">
            <message>
              <![CDATA[expected [Incorrect email or password.] but found [Incorrect email password.]]]>
            </message>
            <full-stacktrace>
              <![CDATA[java.lang.AssertionError: expected [Incorrect email or password.] but found [Incorrect email password.]
at org.testng.Assert.fail(Assert.java:111)
at org.testng.Assert.failNotEquals(Assert.java:1578)
at org.testng.Assert.assertEqualsImpl(Assert.java:150)
at org.testng.Assert.assertEquals(Assert.java:132)
at org.testng.Assert.assertEquals(Assert.java:656)
at org.testng.Assert.assertEquals(Assert.java:666)
at automationproject.Tests.ErrorValidationsTest.LoginErrorValidation(ErrorValidationsTest.java:27)
at java.base/jdk.internal.reflect.NativeMethodAccessorImpl.invoke0(Native Method)
at java.base/jdk.internal.reflect.NativeMethodAccessorImpl.invoke(NativeMethodAccessorImpl.java:77)
at java.base/jdk.internal.reflect.DelegatingMethodAccessorImpl.invoke(DelegatingMethodAccessorImpl.java:43)
at java.base/java.lang.reflect.Method.invoke(Method.java:568)
at org.testng.internal.invokers.MethodInvocationHelper.invokeMethod(MethodInvocationHelper.java:141)
at org.testng.internal.invokers.TestInvoker.invokeMethod(TestInvoker.java:686)
at org.testng.internal.invokers.TestInvoker.invokeTestMethod(TestInvoker.java:230)
at org.testng.internal.invokers.MethodRunner.runInSequence(MethodRunner.java:63)
at org.testng.internal.invokers.TestInvoker$MethodInvocationAgent.invoke(TestInvoker.java:992)
at org.testng.internal.invokers.TestInvoker.invokeTestMethods(TestInvoker.java:203)
at org.testng.internal.invokers.TestMethodWorker.invokeTestMethods(TestMethodWorker.java:154)
at org.testng.internal.invokers.TestMethodWorker.run(TestMethodWorker.java:134)
at java.base/java.util.ArrayList.forEach(ArrayList.java:1511)
at org.testng.TestRunner.privateRun(TestRunner.java:739)
at org.testng.TestRunner.run(TestRunner.java:614)
at org.testng.SuiteRunner.runTest(SuiteRunner.java:421)
at org.testng.SuiteRunner$SuiteWorker.run(SuiteRunner.java:463)
at org.testng.internal.thread.ThreadUtil.lambda$execute$0(ThreadUtil.java:64)
at java.base/java.util.concurrent.FutureTask.run(FutureTask.java:264)
at java.base/java.util.concurrent.ThreadPoolExecutor.runWorker(ThreadPoolExecutor.java:1136)
at java.base/java.util.concurrent.ThreadPoolExecutor$Worker.run(ThreadPoolExecutor.java:635)
at java.base/java.lang.Thread.run(Thread.java:842)
]]>
            </full-stacktrace>
          </exception> <!-- java.lang.AssertionError -->
          <reporter-output>
          </reporter-output>
        </test-method> <!-- LoginErrorValidation -->
        <test-method is-config="true" signature="Teardown()[pri:0, instance:automationproject.Tests.ErrorValidationsTest@5884a914]" started-at="2024-11-21T23:50:02 IST" name="Teardown" finished-at="2024-11-21T23:50:02 IST" duration-ms="137" status="PASS">
          <reporter-output>
          </reporter-output>
        </test-method> <!-- Teardown -->
        <test-method is-config="true" signature="launchApp()[pri:0, instance:automationproject.Tests.ErrorValidationsTest@5884a914]" started-at="2024-11-21T23:50:02 IST" name="launchApp" finished-at="2024-11-21T23:50:08 IST" duration-ms="6010" status="PASS">
          <reporter-output>
          </reporter-output>
        </test-method> <!-- launchApp -->
        <test-method signature="ProductErrorValidation()[pri:0, instance:automationproject.Tests.ErrorValidationsTest@5884a914]" started-at="2024-11-21T23:50:08 IST" name="ProductErrorValidation" finished-at="2024-11-21T23:50:11 IST" duration-ms="3193" status="PASS">
          <reporter-output>
          </reporter-output>
        </test-method> <!-- ProductErrorValidation -->
        <test-method is-config="true" signature="Teardown()[pri:0, instance:automationproject.Tests.ErrorValidationsTest@5884a914]" started-at="2024-11-21T23:50:11 IST" name="Teardown" finished-at="2024-11-21T23:50:11 IST" duration-ms="314" status="PASS">
          <reporter-output>
          </reporter-output>
        </test-method> <!-- Teardown -->
      </class> <!-- automationproject.Tests.ErrorValidationsTest -->
    </test> <!-- Error Validations Test -->
    <test started-at="2024-11-21T23:49:50 IST" name="Submit Order Test" finished-at="2024-11-21T23:50:44 IST" duration-ms="54761">
      <class name="automationproject.Tests.SubmitOrderTest">
        <test-method is-config="true" signature="launchApp()[pri:0, instance:automationproject.Tests.SubmitOrderTest@1750fbeb]" started-at="2024-11-21T23:49:50 IST" name="launchApp" finished-at="2024-11-21T23:49:58 IST" duration-ms="8048" status="PASS">
          <reporter-output>
          </reporter-output>
        </test-method> <!-- launchApp -->
        <test-method signature="submitOrder(java.util.HashMap)[pri:0, instance:automationproject.Tests.SubmitOrderTest@1750fbeb]" started-at="2024-11-21T23:49:58 IST" name="submitOrder" data-provider="getData" finished-at="2024-11-21T23:50:14 IST" duration-ms="16151" status="PASS">
          <params>
            <param index="0">
              <value>
                <![CDATA[{email=abcxyz@def.com, pass=Abc@1234, item1=ZARA COAT 3}]]>
              </value>
            </param>
          </params>
          <reporter-output>
          </reporter-output>
        </test-method> <!-- submitOrder -->
        <test-method is-config="true" signature="Teardown()[pri:0, instance:automationproject.Tests.SubmitOrderTest@1750fbeb]" started-at="2024-11-21T23:50:14 IST" name="Teardown" finished-at="2024-11-21T23:50:14 IST" duration-ms="278" status="PASS">
          <reporter-output>
          </reporter-output>
        </test-method> <!-- Teardown -->
        <test-method is-config="true" signature="launchApp()[pri:0, instance:automationproject.Tests.SubmitOrderTest@1750fbeb]" started-at="2024-11-21T23:50:14 IST" name="launchApp" finished-at="2024-11-21T23:50:21 IST" duration-ms="6338" status="PASS">
          <reporter-output>
          </reporter-output>
        </test-method> <!-- launchApp -->
        <test-method signature="submitOrder(java.util.HashMap)[pri:0, instance:automationproject.Tests.SubmitOrderTest@1750fbeb]" started-at="2024-11-21T23:50:21 IST" name="submitOrder" data-provider="getData" finished-at="2024-11-21T23:50:36 IST" duration-ms="15430" status="PASS">
          <params>
            <param index="0">
              <value>
                <![CDATA[{email=abcdxyz@def.com, pass=Abc@1234, item1=ADIDAS ORIGINAL}]]>
              </value>
            </param>
          </params>
          <reporter-output>
          </reporter-output>
        </test-method> <!-- submitOrder -->
        <test-method is-config="true" signature="Teardown()[pri:0, instance:automationproject.Tests.SubmitOrderTest@1750fbeb]" started-at="2024-11-21T23:50:36 IST" name="Teardown" finished-at="2024-11-21T23:50:36 IST" duration-ms="242" status="PASS">
          <reporter-output>
          </reporter-output>
        </test-method> <!-- Teardown -->
        <test-method is-config="true" signature="launchApp()[pri:0, instance:automationproject.Tests.SubmitOrderTest@1750fbeb]" started-at="2024-11-21T23:50:36 IST" name="launchApp" finished-at="2024-11-21T23:50:43 IST" duration-ms="6534" status="PASS">
          <reporter-output>
          </reporter-output>
        </test-method> <!-- launchApp -->
        <test-method signature="OrderHistoryTest()[pri:0, instance:automationproject.Tests.SubmitOrderTest@1750fbeb]" started-at="2024-11-21T23:50:43 IST" name="OrderHistoryTest" finished-at="2024-11-21T23:50:44 IST" depends-on-methods="automationproject.Tests.SubmitOrderTest.submitOrder" duration-ms="1236" status="PASS">
          <reporter-output>
          </reporter-output>
        </test-method> <!-- OrderHistoryTest -->
        <test-method is-config="true" signature="Teardown()[pri:0, instance:automationproject.Tests.SubmitOrderTest@1750fbeb]" started-at="2024-11-21T23:50:44 IST" name="Teardown" finished-at="2024-11-21T23:50:44 IST" duration-ms="219" status="PASS">
          <reporter-output>
          </reporter-output>
        </test-method> <!-- Teardown -->
      </class> <!-- automationproject.Tests.SubmitOrderTest -->
    </test> <!-- Submit Order Test -->
  </suite> <!-- Suite -->
</testng-results>
